{"level":"error","message":"Lỗi khi tạo dự án: Schema hasn't been registered for model \"ProjectRoles\".\nUse mongoose.model(name, schema)"}
{"level":"error","message":"Lỗi khi tạo dự án: Schema hasn't been registered for model \"ProjectRoles\".\nUse mongoose.model(name, schema)"}
{"level":"error","message":"Lỗi khi tạo dự án: Schema hasn't been registered for model \"ProjectRoles\".\nUse mongoose.model(name, schema)"}
{"level":"error","message":"Lỗi khi tạo dự án: Schema hasn't been registered for model \"ProjectRoles\".\nUse mongoose.model(name, schema)"}
{"level":"error","message":"Lỗi khi tạo dự án: project_roles validation failed: permissions.0: Cast to [ObjectId] failed for value \"[ 'can_edit', 'can_delete', 'can_add_member', 'change_member_role' ]\" (type string) at path \"permissions.0\" because of \"CastError\", default_role_id: Path `default_role_id` is required."}
{"level":"error","message":"Lỗi khi tạo dự án: project_roles validation failed: permissions.0: Cast to [ObjectId] failed for value \"[ 'can_edit', 'can_delete', 'can_add_member', 'change_member_role' ]\" (type string) at path \"permissions.0\" because of \"CastError\", default_role_id: Path `default_role_id` is required."}
{"level":"error","message":"Lỗi khi tạo dự án: project_roles validation failed: permissions.0: Cast to [ObjectId] failed for value \"[\\n' +\n  \"  'view_project',\\n\" +\n  \"  'create_project',\\n\" +\n  \"  'edit_project',\\n\" +\n  \"  'delete_project',\\n\" +\n  \"  'add_member',\\n\" +\n  \"  'lead_remove_member',\\n\" +\n  \"  'invite_member',\\n\" +\n  \"  'lead_change_member_role',\\n\" +\n  \"  'update_progress',\\n\" +\n  \"  'manage_tasks',\\n\" +\n  \"  'view_task',\\n\" +\n  \"  'create_task',\\n\" +\n  \"  'edit_task',\\n\" +\n  \"  'delete_task',\\n\" +\n  \"  'assign_task',\\n\" +\n  \"  'manage_tags',\\n\" +\n  \"  'manage_reminders',\\n\" +\n  \"  'comment_task',\\n\" +\n  \"  'complete_task',\\n\" +\n  \"  'view_conversation',\\n\" +\n  \"  'create_conversation',\\n\" +\n  \"  'send_message',\\n\" +\n  \"  'view_message',\\n\" +\n  \"  'delete_message',\\n\" +\n  \"  'manage_conversation_members',\\n\" +\n  \"  'view_notification',\\n\" +\n  \"  'send_notification',\\n\" +\n  \"  'mark_notification_read',\\n\" +\n  \"  'delete_notification'\\n\" +\n  ']\" (type string) at path \"permissions.0\" because of \"CastError\", default_role_id: Path `default_role_id` is required."}
{"level":"error","message":"Lỗi khi tạo dự án: Một số quyền không hợp lệ"}
{"level":"error","message":"Lỗi khi tạo dự án: Một số quyền không hợp lệ"}
{"level":"error","message":"Lỗi khi tạo dự án: Một số quyền không hợp lệ"}
{"level":"error","message":"Lỗi khi tạo dự án: doc.populate(...).populate is not a function"}
{"level":"error","message":"Lỗi khi tạo dự án: Schema hasn't been registered for model \"users\".\nUse mongoose.model(name, schema)"}
{"level":"info","message":"Dự án mới được tạo bởi 64f7b1c8e29b41d4a7164001: 688c729ef409981de1dafada"}
{"level":"info","message":"Dự án mới được tạo bởi 64f7b1c8e29b41d4a7164001: 688c7303f409981de1dafaf0"}
{"level":"error","message":"Lỗi khi tạo dự án: Một số quyền không hợp lệ: 64f7b1c8e29b41d4a7160001, 64f7b1c8e29b41d4a7160002, 64f7b1c8e29b41d4a7160003, 64f7b1c8e29b41d4a7160004, 64f7b1c8e29b41d4a7160005, 64f7b1c8e29b41d4a7160006, 64f7b1c8e29b41d4a7160007, 64f7b1c8e29b41d4a7160008, 64f7b1c8e29b41d4a7160009, 64f7b1c8e29b41d4a7160010, 64f7b1c8e29b41d4a7160011, 64f7b1c8e29b41d4a7160012, 64f7b1c8e29b41d4a7160013, 64f7b1c8e29b41d4a7160014, 64f7b1c8e29b41d4a7160015, 64f7b1c8e29b41d4a7160016, 64f7b1c8e29b41d4a7160017, 64f7b1c8e29b41d4a7160018, 64f7b1c8e29b41d4a7160019, 64f7b1c8e29b41d4a7160020, 64f7b1c8e29b41d4a7160021, 64f7b1c8e29b41d4a7160022, 64f7b1c8e29b41d4a7160023, 64f7b1c8e29b41d4a7160024, 64f7b1c8e29b41d4a7160025, 64f7b1c8e29b41d4a7160026, 64f7b1c8e29b41d4a7160027, 64f7b1c8e29b41d4a7160028, 64f7b1c8e29b41d4a7160029, 64f7b1c8e29b41d4a7160001, 64f7b1c8e29b41d4a7160003, 64f7b1c8e29b41d4a7160005, 64f7b1c8e29b41d4a7160006, 64f7b1c8e29b41d4a7160007, 64f7b1c8e29b41d4a7160008, 64f7b1c8e29b41d4a7160009, 64f7b1c8e29b41d4a7160010, 64f7b1c8e29b41d4a7160011, 64f7b1c8e29b41d4a7160012, 64f7b1c8e29b41d4a7160013, 64f7b1c8e29b41d4a7160014, 64f7b1c8e29b41d4a7160015, 64f7b1c8e29b41d4a7160016, 64f7b1c8e29b41d4a7160017, 64f7b1c8e29b41d4a7160018, 64f7b1c8e29b41d4a7160019, 64f7b1c8e29b41d4a7160020, 64f7b1c8e29b41d4a7160021, 64f7b1c8e29b41d4a7160022, 64f7b1c8e29b41d4a7160023, 64f7b1c8e29b41d4a7160024, 64f7b1c8e29b41d4a7160025, 64f7b1c8e29b41d4a7160026, 64f7b1c8e29b41d4a7160028, 64f7b1c8e29b41d4a7160001, 64f7b1c8e29b41d4a7160011, 64f7b1c8e29b41d4a7160018, 64f7b1c8e29b41d4a7160019, 64f7b1c8e29b41d4a7160020, 64f7b1c8e29b41d4a7160022, 64f7b1c8e29b41d4a7160023, 64f7b1c8e29b41d4a7160026, 64f7b1c8e29b41d4a7160001, 64f7b1c8e29b41d4a7160011, 64f7b1c8e29b41d4a7160020, 64f7b1c8e29b41d4a7160023, 64f7b1c8e29b41d4a7160026"}
{"level":"error","message":"Lỗi khi tạo dự án: Một số quyền không hợp lệ: view_project, create_project, edit_project, delete_project, add_member, lead_remove_member, invite_member, lead_change_member_role, update_progress, manage_tasks, view_task, create_task, edit_task, delete_task, assign_task, manage_tags, manage_reminders, comment_task, complete_task, view_conversation, create_conversation, send_message, view_message, delete_message, manage_conversation_members, view_notification, send_notification, mark_notification_read, delete_notification"}
{"level":"error","message":"Lỗi khi tạo dự án: _permissionModel.permissionModel.find(...).distinct(...).lean(...).map is not a function"}
{"level":"error","message":"Lỗi khi tạo dự án: _permissionModel.permissionModel.find(...).distinct(...).map is not a function"}
{"level":"info","message":"Dự án mới được tạo bởi 64f7b1c8e29b41d4a7164001: 688d9975501090f68ea56d86"}
{"level":"info","message":"Dự án mới được tạo bởi 64f7b1c8e29b41d4a7164001: 688d9a7cf11f4b45dd387ef1"}
{"level":"info","message":"Dự án mới được tạo bởi 64f7b1c8e29b41d4a7164001: 688dabda06d82073e1296fb5"}
{"level":"error","message":"Lỗi khi xóa dự án undefined: Bạn không có quyền thực hiện hành động này"}
{"level":"error","message":"Lỗi khi xóa dự án undefined: Bạn không có quyền thực hiện hành động này"}
{"level":"info","message":"Dự án 688dabda06d82073e1296fb5 được xóa bởi 64f7b1c8e29b41d4a7164001"}
{"level":"info","message":"Dự án 688dabda06d82073e1296fb5 được xóa bởi 64f7b1c8e29b41d4a7164001"}
{"level":"info","message":"Dự án 688dabda06d82073e1296fb5 được xóa bởi 64f7b1c8e29b41d4a7164001"}
{"level":"error","message":"Lỗi khi xóa dự án 688dabda06d82073e1296fb5: Cannot set headers after they are sent to the client"}
{"level":"error","message":"Lỗi khi xóa dự án 688dabda06d82073e1296fb5: Cannot set headers after they are sent to the client"}
{"level":"error","message":"Lỗi khi xóa dự án 688dabda06d82073e1296fb5: Cannot set headers after they are sent to the client"}
{"level":"error","message":"Lỗi khi xóa dự án 688dabda06d82073e1296fb5: Cannot set headers after they are sent to the client"}
{"level":"info","message":"Dự án mới được tạo bởi 64f7b1c8e29b41d4a7164001: 688f35401e075a05a7cae4bc"}
{"level":"error","message":"Lỗi khi cập nhật dự án undefined: Dự án không tồn tại hoặc đã bị xóa"}
{"level":"error","message":"Lỗi khi cập nhật dự án undefined: Dự án không tồn tại hoặc đã bị xóa"}
{"level":"error","message":"Lỗi khi cập nhật dự án undefined: Dự án không tồn tại hoặc đã bị xóa"}
{"level":"info","message":"Dự án 688f35401e075a05a7cae4bc được cập nhật bởi 64f7b1c8e29b41d4a7164001"}
